<?xml version="1.0" encoding="UTF-8"?>
<!-- Generated by org.testng.reporters.JUnitReportReporter -->
<testsuite skipped="1" hostname="LAPTOP-MHOFMG9V" name="qa.testcases.TestSwitchTo" tests="2" failures="0" timestamp="27 Sep 2018 07:44:35 GMT" time="33.838" errors="0">
  <testcase name="validateAlertWithTestBox" time="33.838" classname="qa.testcases.TestSwitchTo"/>
  <testcase name="validateAlertWithOK_CancelButton" classname="qa.testcases.TestSwitchTo">
    <skipped/>
  </testcase> <!-- validateAlertWithOK_CancelButton -->
</testsuite> <!-- qa.testcases.TestSwitchTo -->
