<?xml version="1.0" encoding="UTF-8"?>
<!-- Generated by org.testng.reporters.JUnitReportReporter -->
<testsuite skipped="3" hostname="LAPTOP-MHOFMG9V" name="qa.testcases.TestWebTable" tests="4" failures="0" timestamp="27 Sep 2018 11:25:05 GMT" time="103.768" errors="0">
  <testcase name="exportFirstNameToExcel" time="103.768" classname="qa.testcases.TestWebTable"/>
  <testcase name="validateWebTableTitle" classname="qa.testcases.TestWebTable">
    <skipped/>
  </testcase> <!-- validateWebTableTitle -->
  <testcase name="validateNumberOfColumns" classname="qa.testcases.TestWebTable">
    <skipped/>
  </testcase> <!-- validateNumberOfColumns -->
  <testcase name="validateHeadingColor" classname="qa.testcases.TestWebTable">
    <skipped/>
  </testcase> <!-- validateHeadingColor -->
</testsuite> <!-- qa.testcases.TestWebTable -->
