<?xml version="1.0" encoding="UTF-8"?>
<!-- Generated by org.testng.reporters.JUnitReportReporter -->
<testsuite skipped="2" hostname="LAPTOP-MHOFMG9V" name="qa.testcases.TestSwitchTo_Window" tests="3" failures="0" timestamp="27 Sep 2018 17:39:00 GMT" time="89.562" errors="0">
  <testcase name="validateMultipleWindowButton" time="89.562" classname="qa.testcases.TestSwitchTo_Window"/>
  <testcase name="ValidateSwitchTo_Window_Page" classname="qa.testcases.TestSwitchTo_Window">
    <skipped/>
  </testcase> <!-- ValidateSwitchTo_Window_Page -->
  <testcase name="validateNewTabWindow" classname="qa.testcases.TestSwitchTo_Window">
    <skipped/>
  </testcase> <!-- validateNewTabWindow -->
</testsuite> <!-- qa.testcases.TestSwitchTo_Window -->
