<?xml version="1.0" encoding="UTF-8"?>
<!-- Generated by org.testng.reporters.JUnitReportReporter -->
<testsuite skipped="0" hostname="LAPTOP-MHOFMG9V" name="qa.testcases.TestRegister" tests="3" failures="0" timestamp="26 Sep 2018 09:54:21 GMT" time="146.865" errors="0">
  <testcase name="ValidateWebTableLink" time="26.766" classname="qa.testcases.TestRegister"/>
  <testcase name="ValidateRegisterPage" time="63.965" classname="qa.testcases.TestRegister"/>
  <testcase name="ValidateFileUpload" time="56.134" classname="qa.testcases.TestRegister"/>
</testsuite> <!-- qa.testcases.TestRegister -->
